[32m2022-11-04 12:25:19 -0700[0m - dagster - [34mDEBUG[0m - __ASSET_JOB - 975017d0-0710-4fa6-937a-c1b14587e3a4 - 1760059 - vis_raw_fetch_todb - LOGS_CAPTURED - Started capturing logs for step: vis_raw_fetch_todb.
[32m2022-11-04 12:25:19 -0700[0m - dagster - [34mDEBUG[0m - __ASSET_JOB - 975017d0-0710-4fa6-937a-c1b14587e3a4 - 1760059 - vis_raw_fetch_todb - STEP_START - Started execution of step "vis_raw_fetch_todb".
[32m2022-11-04 12:25:19 -0700[0m - dagster - [34mERROR[0m - [31m__ASSET_JOB - 975017d0-0710-4fa6-937a-c1b14587e3a4 - 1760059 - vis_raw_fetch_todb - STEP_FAILURE - Execution of step "vis_raw_fetch_todb" failed.

dagster._core.errors.DagsterExecutionStepExecutionError: Error occurred while executing op "vis_raw_fetch_todb"::

AttributeError: 'dict' object has no attribute 'endswith'

Stack Trace:
  File "/Work/Anaconda/anaconda3_2022_Oct/envs/dagster/lib/python3.7/site-packages/dagster/_core/execution/plan/utils.py", line 47, in solid_execution_error_boundary
    yield
  File "/Work/Anaconda/anaconda3_2022_Oct/envs/dagster/lib/python3.7/site-packages/dagster/_utils/__init__.py", line 430, in iterate_with_context
    next_output = next(iterator)
  File "/Work/Anaconda/anaconda3_2022_Oct/envs/dagster/lib/python3.7/site-packages/dagster/_core/execution/plan/compute_generator.py", line 74, in _coerce_solid_compute_fn_to_iterator
    result = fn(context, **kwargs) if context_arg_provided else fn(**kwargs)
  File "/Work/VIPER/dagster/visdag/visdag/assets/vis_raw_fetch.py", line 49, in vis_raw_fetch_todb
    do_db(args)
  File "/Work/VIPER/dagster/visdag/visdag/watcher.py", line 111, in do_db
    client, processor = get_client_processor(args)
  File "/Work/VIPER/dagster/visdag/visdag/watcher.py", line 175, in get_client_processor
    client = YamcsClient(yamcsclient)
  File "/Work/Anaconda/anaconda3_2022_Oct/envs/dagster/lib/python3.7/site-packages/yamcs/client.py", line 158, in __init__
    self.ctx = Context(address, **kwargs)
  File "/Work/Anaconda/anaconda3_2022_Oct/envs/dagster/lib/python3.7/site-packages/yamcs/core/context.py", line 22, in __init__
    if address.endswith("/"):
[0m
